<?xml version="1.0" encoding="UTF-8"?>
<coverage generated="1637258777312" clover="3.2.0">
  <project timestamp="1637258777312" name="All files">
    <metrics statements="123" coveredstatements="83" conditionals="20" coveredconditionals="13" methods="30" coveredmethods="19" elements="173" coveredelements="115" complexity="0" loc="123" ncloc="123" packages="9" files="9" classes="9"/>
    <package name="components.BackButton">
      <metrics statements="3" coveredstatements="3" conditionals="0" coveredconditionals="0" methods="1" coveredmethods="1"/>
      <file name="index.js" path="D:\Documents\futureproof\assessments\project3\universally-challenged\src\components\BackButton\index.js">
        <metrics statements="3" coveredstatements="3" conditionals="0" coveredconditionals="0" methods="1" coveredmethods="1"/>
        <line num="5" count="3" type="stmt"/>
        <line num="6" count="9" type="stmt"/>
        <line num="8" count="9" type="stmt"/>
      </file>
    </package>
    <package name="components.CollapsibleCard">
      <metrics statements="4" coveredstatements="4" conditionals="2" coveredconditionals="2" methods="2" coveredmethods="2"/>
      <file name="index.js" path="D:\Documents\futureproof\assessments\project3\universally-challenged\src\components\CollapsibleCard\index.js">
        <metrics statements="4" coveredstatements="4" conditionals="2" coveredconditionals="2" methods="2" coveredmethods="2"/>
        <line num="5" count="2" type="stmt"/>
        <line num="7" count="6" type="stmt"/>
        <line num="9" count="6" type="stmt"/>
        <line num="11" count="3" type="stmt"/>
      </file>
    </package>
    <package name="components.EntryForm">
      <metrics statements="40" coveredstatements="18" conditionals="0" coveredconditionals="0" methods="10" coveredmethods="3"/>
      <file name="index.jsx" path="D:\Documents\futureproof\assessments\project3\universally-challenged\src\components\EntryForm\index.jsx">
        <metrics statements="40" coveredstatements="18" conditionals="0" coveredconditionals="0" methods="10" coveredmethods="3"/>
        <line num="7" count="2" type="stmt"/>
        <line num="8" count="9" type="stmt"/>
        <line num="9" count="9" type="stmt"/>
        <line num="10" count="9" type="stmt"/>
        <line num="11" count="9" type="stmt"/>
        <line num="12" count="9" type="stmt"/>
        <line num="13" count="9" type="stmt"/>
        <line num="14" count="9" type="stmt"/>
        <line num="15" count="9" type="stmt"/>
        <line num="17" count="9" type="stmt"/>
        <line num="25" count="9" type="stmt"/>
        <line num="26" count="0" type="stmt"/>
        <line num="27" count="0" type="stmt"/>
        <line num="28" count="0" type="stmt"/>
        <line num="29" count="0" type="stmt"/>
        <line num="30" count="0" type="stmt"/>
        <line num="31" count="0" type="stmt"/>
        <line num="32" count="0" type="stmt"/>
        <line num="35" count="9" type="stmt"/>
        <line num="36" count="9" type="stmt"/>
        <line num="39" count="9" type="stmt"/>
        <line num="40" count="0" type="stmt"/>
        <line num="41" count="0" type="stmt"/>
        <line num="44" count="9" type="stmt"/>
        <line num="45" count="0" type="stmt"/>
        <line num="46" count="0" type="stmt"/>
        <line num="47" count="0" type="stmt"/>
        <line num="48" count="0" type="stmt"/>
        <line num="50" count="0" type="stmt"/>
        <line num="51" count="0" type="stmt"/>
        <line num="53" count="0" type="stmt"/>
        <line num="57" count="9" type="stmt"/>
        <line num="58" count="0" type="stmt"/>
        <line num="59" count="0" type="stmt"/>
        <line num="62" count="9" type="stmt"/>
        <line num="63" count="0" type="stmt"/>
        <line num="64" count="0" type="stmt"/>
        <line num="67" count="9" type="stmt"/>
        <line num="96" count="0" type="stmt"/>
        <line num="97" count="0" type="stmt"/>
      </file>
    </package>
    <package name="components.HomepageSelector">
      <metrics statements="1" coveredstatements="1" conditionals="0" coveredconditionals="0" methods="1" coveredmethods="1"/>
      <file name="index.jsx" path="D:\Documents\futureproof\assessments\project3\universally-challenged\src\components\HomepageSelector\index.jsx">
        <metrics statements="1" coveredstatements="1" conditionals="0" coveredconditionals="0" methods="1" coveredmethods="1"/>
        <line num="6" count="3" type="stmt"/>
      </file>
    </package>
    <package name="components.LeaderboardItem">
      <metrics statements="2" coveredstatements="2" conditionals="0" coveredconditionals="0" methods="1" coveredmethods="1"/>
      <file name="index.js" path="D:\Documents\futureproof\assessments\project3\universally-challenged\src\components\LeaderboardItem\index.js">
        <metrics statements="2" coveredstatements="2" conditionals="0" coveredconditionals="0" methods="1" coveredmethods="1"/>
        <line num="3" count="2" type="stmt"/>
        <line num="4" count="2" type="stmt"/>
      </file>
    </package>
    <package name="components.LeaderboardTable">
      <metrics statements="17" coveredstatements="10" conditionals="0" coveredconditionals="0" methods="5" coveredmethods="3"/>
      <file name="index.js" path="D:\Documents\futureproof\assessments\project3\universally-challenged\src\components\LeaderboardTable\index.js">
        <metrics statements="17" coveredstatements="10" conditionals="0" coveredconditionals="0" methods="5" coveredmethods="3"/>
        <line num="5" count="1" type="stmt"/>
        <line num="7" count="1" type="stmt"/>
        <line num="8" count="1" type="stmt"/>
        <line num="9" count="1" type="stmt"/>
        <line num="12" count="1" type="stmt"/>
        <line num="13" count="1" type="stmt"/>
        <line num="14" count="1" type="stmt"/>
        <line num="15" count="1" type="stmt"/>
        <line num="16" count="0" type="stmt"/>
        <line num="19" count="0" type="stmt"/>
        <line num="23" count="0" type="stmt"/>
        <line num="24" count="0" type="stmt"/>
        <line num="26" count="0" type="stmt"/>
        <line num="27" count="0" type="stmt"/>
        <line num="32" count="1" type="stmt"/>
        <line num="35" count="1" type="stmt"/>
        <line num="38" count="0" type="stmt"/>
      </file>
    </package>
    <package name="components.NavBar">
      <metrics statements="18" coveredstatements="18" conditionals="2" coveredconditionals="2" methods="3" coveredmethods="3"/>
      <file name="index.js" path="D:\Documents\futureproof\assessments\project3\universally-challenged\src\components\NavBar\index.js">
        <metrics statements="18" coveredstatements="18" conditionals="2" coveredconditionals="2" methods="3" coveredmethods="3"/>
        <line num="6" count="2" type="stmt"/>
        <line num="7" count="6" type="stmt"/>
        <line num="8" count="6" type="stmt"/>
        <line num="10" count="6" type="stmt"/>
        <line num="11" count="2" type="stmt"/>
        <line num="12" count="2" type="stmt"/>
        <line num="13" count="2" type="stmt"/>
        <line num="16" count="6" type="stmt"/>
        <line num="17" count="3" type="cond" truecount="2" falsecount="0"/>
        <line num="19" count="2" type="stmt"/>
        <line num="20" count="2" type="stmt"/>
        <line num="21" count="2" type="stmt"/>
        <line num="22" count="2" type="stmt"/>
        <line num="24" count="1" type="stmt"/>
        <line num="25" count="1" type="stmt"/>
        <line num="26" count="1" type="stmt"/>
        <line num="27" count="1" type="stmt"/>
        <line num="31" count="6" type="stmt"/>
      </file>
    </package>
    <package name="components.Timer-321">
      <metrics statements="22" coveredstatements="18" conditionals="4" coveredconditionals="2" methods="6" coveredmethods="4"/>
      <file name="index.jsx" path="D:\Documents\futureproof\assessments\project3\universally-challenged\src\components\Timer-321\index.jsx">
        <metrics statements="22" coveredstatements="18" conditionals="4" coveredconditionals="2" methods="6" coveredmethods="4"/>
        <line num="5" count="2" type="stmt"/>
        <line num="6" count="3" type="stmt"/>
        <line num="7" count="2" type="stmt"/>
        <line num="9" count="2" type="stmt"/>
        <line num="10" count="2" type="cond" truecount="1" falsecount="1"/>
        <line num="11" count="0" type="stmt"/>
        <line num="14" count="2" type="stmt"/>
        <line num="15" count="0" type="stmt"/>
        <line num="18" count="2" type="stmt"/>
        <line num="19" count="0" type="stmt"/>
        <line num="22" count="2" type="stmt"/>
        <line num="23" count="2" type="stmt"/>
        <line num="24" count="2" type="stmt"/>
        <line num="28" count="2" type="stmt"/>
        <line num="29" count="1" type="stmt"/>
        <line num="32" count="2" type="stmt"/>
        <line num="34" count="2" type="stmt"/>
        <line num="35" count="32" type="stmt"/>
        <line num="36" count="320" type="stmt"/>
        <line num="40" count="2" type="cond" truecount="1" falsecount="1"/>
        <line num="41" count="0" type="stmt"/>
        <line num="48" count="2" type="stmt"/>
      </file>
    </package>
    <package name="reducers">
      <metrics statements="16" coveredstatements="9" conditionals="12" coveredconditionals="7" methods="1" coveredmethods="1"/>
      <file name="questionReducer.js" path="D:\Documents\futureproof\assessments\project3\universally-challenged\src\reducers\questionReducer.js">
        <metrics statements="16" coveredstatements="9" conditionals="12" coveredconditionals="7" methods="1" coveredmethods="1"/>
        <line num="1" count="9" type="stmt"/>
        <line num="13" count="9" type="cond" truecount="1" falsecount="0"/>
        <line num="14" count="24" type="cond" truecount="5" falsecount="4"/>
        <line num="16" count="1" type="stmt"/>
        <line num="18" count="1" type="stmt"/>
        <line num="20" count="1" type="stmt"/>
        <line num="22" count="0" type="stmt"/>
        <line num="24" count="0" type="stmt"/>
        <line num="26" count="2" type="cond" truecount="1" falsecount="1"/>
        <line num="27" count="0" type="stmt"/>
        <line num="28" count="0" type="stmt"/>
        <line num="29" count="0" type="stmt"/>
        <line num="31" count="2" type="stmt"/>
        <line num="33" count="0" type="stmt"/>
        <line num="41" count="0" type="stmt"/>
        <line num="44" count="19" type="stmt"/>
      </file>
    </package>
  </project>
</coverage>
