{"D:\\Documents\\futureproof\\assessments\\project3\\universally-challenged\\src\\actions\\index.js": {"path":"D:\\Documents\\futureproof\\assessments\\project3\\universally-challenged\\src\\actions\\index.js","statementMap":{"0":{"start":{"line":3,"column":24},"end":{"line":32,"column":1}},"1":{"start":{"line":4,"column":2},"end":{"line":31,"column":4}},"2":{"start":{"line":5,"column":4},"end":{"line":30,"column":5}},"3":{"start":{"line":6,"column":23},"end":{"line":8,"column":7}},"4":{"start":{"line":10,"column":21},"end":{"line":10,"column":23}},"5":{"start":{"line":11,"column":14},"end":{"line":11,"column":15}},"6":{"start":{"line":12,"column":6},"end":{"line":19,"column":7}},"7":{"start":{"line":13,"column":8},"end":{"line":17,"column":11}},"8":{"start":{"line":16,"column":74},"end":{"line":16,"column":86}},"9":{"start":{"line":18,"column":8},"end":{"line":18,"column":12}},"10":{"start":{"line":20,"column":6},"end":{"line":23,"column":9}},"11":{"start":{"line":25,"column":6},"end":{"line":25,"column":32}},"12":{"start":{"line":26,"column":6},"end":{"line":29,"column":9}},"13":{"start":{"line":33,"column":27},"end":{"line":36,"column":2}},"14":{"start":{"line":33,"column":42},"end":{"line":36,"column":1}},"15":{"start":{"line":38,"column":27},"end":{"line":41,"column":2}},"16":{"start":{"line":38,"column":42},"end":{"line":41,"column":1}},"17":{"start":{"line":43,"column":26},"end":{"line":46,"column":2}},"18":{"start":{"line":43,"column":40},"end":{"line":46,"column":1}},"19":{"start":{"line":48,"column":32},"end":{"line":51,"column":2}},"20":{"start":{"line":48,"column":49},"end":{"line":51,"column":1}},"21":{"start":{"line":53,"column":28},"end":{"line":56,"column":2}},"22":{"start":{"line":53,"column":50},"end":{"line":56,"column":1}},"23":{"start":{"line":58,"column":26},"end":{"line":61,"column":2}},"24":{"start":{"line":58,"column":33},"end":{"line":61,"column":1}},"25":{"start":{"line":64,"column":24},"end":{"line":77,"column":1}},"26":{"start":{"line":65,"column":19},"end":{"line":73,"column":30}},"27":{"start":{"line":76,"column":2},"end":{"line":76,"column":18}},"28":{"start":{"line":80,"column":23},"end":{"line":89,"column":1}},"29":{"start":{"line":81,"column":21},"end":{"line":81,"column":33}},"30":{"start":{"line":83,"column":2},"end":{"line":87,"column":3}},"31":{"start":{"line":84,"column":4},"end":{"line":84,"column":59}},"32":{"start":{"line":85,"column":4},"end":{"line":85,"column":19}},"33":{"start":{"line":86,"column":4},"end":{"line":86,"column":90}},"34":{"start":{"line":88,"column":2},"end":{"line":88,"column":15}}},"fnMap":{"0":{"name":"(anonymous_0)","decl":{"start":{"line":3,"column":24},"end":{"line":3,"column":25}},"loc":{"start":{"line":3,"column":50},"end":{"line":32,"column":1}},"line":3},"1":{"name":"(anonymous_1)","decl":{"start":{"line":4,"column":9},"end":{"line":4,"column":10}},"loc":{"start":{"line":4,"column":29},"end":{"line":31,"column":3}},"line":4},"2":{"name":"(anonymous_2)","decl":{"start":{"line":16,"column":66},"end":{"line":16,"column":67}},"loc":{"start":{"line":16,"column":74},"end":{"line":16,"column":86}},"line":16},"3":{"name":"(anonymous_3)","decl":{"start":{"line":33,"column":27},"end":{"line":33,"column":28}},"loc":{"start":{"line":33,"column":42},"end":{"line":36,"column":1}},"line":33},"4":{"name":"(anonymous_4)","decl":{"start":{"line":38,"column":27},"end":{"line":38,"column":28}},"loc":{"start":{"line":38,"column":42},"end":{"line":41,"column":1}},"line":38},"5":{"name":"(anonymous_5)","decl":{"start":{"line":43,"column":26},"end":{"line":43,"column":27}},"loc":{"start":{"line":43,"column":40},"end":{"line":46,"column":1}},"line":43},"6":{"name":"(anonymous_6)","decl":{"start":{"line":48,"column":32},"end":{"line":48,"column":33}},"loc":{"start":{"line":48,"column":49},"end":{"line":51,"column":1}},"line":48},"7":{"name":"(anonymous_7)","decl":{"start":{"line":53,"column":28},"end":{"line":53,"column":29}},"loc":{"start":{"line":53,"column":50},"end":{"line":56,"column":1}},"line":53},"8":{"name":"(anonymous_8)","decl":{"start":{"line":58,"column":26},"end":{"line":58,"column":27}},"loc":{"start":{"line":58,"column":33},"end":{"line":61,"column":1}},"line":58},"9":{"name":"(anonymous_9)","decl":{"start":{"line":64,"column":24},"end":{"line":64,"column":25}},"loc":{"start":{"line":64,"column":33},"end":{"line":77,"column":1}},"line":64},"10":{"name":"(anonymous_10)","decl":{"start":{"line":80,"column":23},"end":{"line":80,"column":24}},"loc":{"start":{"line":80,"column":34},"end":{"line":89,"column":1}},"line":80}},"branchMap":{},"s":{"0":2,"1":0,"2":0,"3":0,"4":0,"5":0,"6":0,"7":0,"8":0,"9":0,"10":0,"11":0,"12":0,"13":2,"14":0,"15":2,"16":0,"17":2,"18":0,"19":2,"20":0,"21":2,"22":0,"23":2,"24":8,"25":2,"26":0,"27":0,"28":2,"29":0,"30":0,"31":0,"32":0,"33":0,"34":0},"f":{"0":0,"1":0,"2":0,"3":0,"4":0,"5":0,"6":0,"7":0,"8":8,"9":0,"10":0},"b":{},"_coverageSchema":"1a1c01bbd47fc00a2c39e90264f33305004495a9","hash":"83d5e7a275e8b49d94b3aeae9b55d8ee51cce2e0"}
,"D:\\Documents\\futureproof\\assessments\\project3\\universally-challenged\\src\\components\\index.js": {"path":"D:\\Documents\\futureproof\\assessments\\project3\\universally-challenged\\src\\components\\index.js","statementMap":{},"fnMap":{},"branchMap":{},"s":{},"f":{},"b":{},"_coverageSchema":"1a1c01bbd47fc00a2c39e90264f33305004495a9","hash":"9550aa071e418c15bf777740d0c4c242c2168cd6"}
,"D:\\Documents\\futureproof\\assessments\\project3\\universally-challenged\\src\\components\\BackButton\\index.js": {"path":"D:\\Documents\\futureproof\\assessments\\project3\\universally-challenged\\src\\components\\BackButton\\index.js","statementMap":{"0":{"start":{"line":5,"column":19},"end":{"line":9,"column":1}},"1":{"start":{"line":6,"column":16},"end":{"line":6,"column":28}},"2":{"start":{"line":8,"column":2},"end":{"line":8,"column":91}}},"fnMap":{"0":{"name":"(anonymous_0)","decl":{"start":{"line":5,"column":19},"end":{"line":5,"column":20}},"loc":{"start":{"line":5,"column":25},"end":{"line":9,"column":1}},"line":5}},"branchMap":{},"s":{"0":3,"1":9,"2":9},"f":{"0":9},"b":{},"_coverageSchema":"1a1c01bbd47fc00a2c39e90264f33305004495a9","hash":"df4ea9258f42172f652598d4a56c3b849e9e97fd"}
,"D:\\Documents\\futureproof\\assessments\\project3\\universally-challenged\\src\\components\\CollapsibleCard\\index.js": {"path":"D:\\Documents\\futureproof\\assessments\\project3\\universally-challenged\\src\\components\\CollapsibleCard\\index.js","statementMap":{"0":{"start":{"line":5,"column":24},"end":{"line":16,"column":1}},"1":{"start":{"line":7,"column":28},"end":{"line":7,"column":43}},"2":{"start":{"line":9,"column":4},"end":{"line":15,"column":5}},"3":{"start":{"line":11,"column":90},"end":{"line":11,"column":104}}},"fnMap":{"0":{"name":"(anonymous_0)","decl":{"start":{"line":5,"column":24},"end":{"line":5,"column":25}},"loc":{"start":{"line":5,"column":47},"end":{"line":16,"column":1}},"line":5},"1":{"name":"(anonymous_1)","decl":{"start":{"line":11,"column":84},"end":{"line":11,"column":85}},"loc":{"start":{"line":11,"column":90},"end":{"line":11,"column":104}},"line":11}},"branchMap":{"0":{"loc":{"start":{"line":13,"column":62},"end":{"line":13,"column":95}},"type":"cond-expr","locations":[{"start":{"line":13,"column":69},"end":{"line":13,"column":83}},{"start":{"line":13,"column":86},"end":{"line":13,"column":95}}],"line":13}},"s":{"0":2,"1":6,"2":6,"3":3},"f":{"0":6,"1":3},"b":{"0":[2,4]},"_coverageSchema":"1a1c01bbd47fc00a2c39e90264f33305004495a9","hash":"f3ffdb879646a27a49ca44a8de6b9be6697a717f"}
,"D:\\Documents\\futureproof\\assessments\\project3\\universally-challenged\\src\\components\\EntryForm\\index.jsx": {"path":"D:\\Documents\\futureproof\\assessments\\project3\\universally-challenged\\src\\components\\EntryForm\\index.jsx","statementMap":{"0":{"start":{"line":7,"column":18},"end":{"line":163,"column":1}},"1":{"start":{"line":8,"column":25},"end":{"line":8,"column":37}},"2":{"start":{"line":9,"column":34},"end":{"line":9,"column":46}},"3":{"start":{"line":10,"column":34},"end":{"line":10,"column":46}},"4":{"start":{"line":11,"column":32},"end":{"line":11,"column":44}},"5":{"start":{"line":12,"column":34},"end":{"line":12,"column":46}},"6":{"start":{"line":13,"column":38},"end":{"line":13,"column":50}},"7":{"start":{"line":14,"column":19},"end":{"line":14,"column":32}},"8":{"start":{"line":15,"column":18},"end":{"line":15,"column":30}},"9":{"start":{"line":17,"column":2},"end":{"line":23,"column":16}},"10":{"start":{"line":25,"column":23},"end":{"line":33,"column":3}},"11":{"start":{"line":26,"column":4},"end":{"line":26,"column":23}},"12":{"start":{"line":27,"column":4},"end":{"line":27,"column":45}},"13":{"start":{"line":28,"column":4},"end":{"line":28,"column":36}},"14":{"start":{"line":29,"column":4},"end":{"line":29,"column":33}},"15":{"start":{"line":30,"column":4},"end":{"line":30,"column":43}},"16":{"start":{"line":31,"column":4},"end":{"line":31,"column":35}},"17":{"start":{"line":32,"column":4},"end":{"line":32,"column":35}},"18":{"start":{"line":35,"column":16},"end":{"line":37,"column":3}},"19":{"start":{"line":36,"column":4},"end":{"line":36,"column":27}},"20":{"start":{"line":39,"column":25},"end":{"line":42,"column":3}},"21":{"start":{"line":40,"column":18},"end":{"line":40,"column":32}},"22":{"start":{"line":41,"column":4},"end":{"line":41,"column":23}},"23":{"start":{"line":44,"column":24},"end":{"line":55,"column":3}},"24":{"start":{"line":45,"column":18},"end":{"line":45,"column":32}},"25":{"start":{"line":46,"column":4},"end":{"line":46,"column":22}},"26":{"start":{"line":47,"column":16},"end":{"line":47,"column":18}},"27":{"start":{"line":48,"column":4},"end":{"line":52,"column":5}},"28":{"start":{"line":48,"column":17},"end":{"line":48,"column":18}},"29":{"start":{"line":50,"column":25},"end":{"line":50,"column":57}},"30":{"start":{"line":51,"column":6},"end":{"line":51,"column":28}},"31":{"start":{"line":53,"column":4},"end":{"line":53,"column":22}},"32":{"start":{"line":57,"column":25},"end":{"line":60,"column":3}},"33":{"start":{"line":58,"column":18},"end":{"line":58,"column":32}},"34":{"start":{"line":59,"column":4},"end":{"line":59,"column":23}},"35":{"start":{"line":62,"column":25},"end":{"line":65,"column":3}},"36":{"start":{"line":63,"column":18},"end":{"line":63,"column":32}},"37":{"start":{"line":64,"column":4},"end":{"line":64,"column":25}},"38":{"start":{"line":75,"column":2},"end":{"line":162,"column":4}},"39":{"start":{"line":104,"column":33},"end":{"line":104,"column":58}},"40":{"start":{"line":105,"column":32},"end":{"line":105,"column":76}}},"fnMap":{"0":{"name":"(anonymous_0)","decl":{"start":{"line":7,"column":18},"end":{"line":7,"column":19}},"loc":{"start":{"line":7,"column":24},"end":{"line":163,"column":1}},"line":7},"1":{"name":"(anonymous_1)","decl":{"start":{"line":17,"column":13},"end":{"line":17,"column":14}},"loc":{"start":{"line":17,"column":19},"end":{"line":23,"column":3}},"line":17},"2":{"name":"(anonymous_2)","decl":{"start":{"line":25,"column":23},"end":{"line":25,"column":24}},"loc":{"start":{"line":25,"column":30},"end":{"line":33,"column":3}},"line":25},"3":{"name":"(anonymous_3)","decl":{"start":{"line":35,"column":16},"end":{"line":35,"column":17}},"loc":{"start":{"line":35,"column":22},"end":{"line":37,"column":3}},"line":35},"4":{"name":"(anonymous_4)","decl":{"start":{"line":39,"column":25},"end":{"line":39,"column":26}},"loc":{"start":{"line":39,"column":32},"end":{"line":42,"column":3}},"line":39},"5":{"name":"(anonymous_5)","decl":{"start":{"line":44,"column":24},"end":{"line":44,"column":25}},"loc":{"start":{"line":44,"column":31},"end":{"line":55,"column":3}},"line":44},"6":{"name":"(anonymous_6)","decl":{"start":{"line":57,"column":25},"end":{"line":57,"column":26}},"loc":{"start":{"line":57,"column":32},"end":{"line":60,"column":3}},"line":57},"7":{"name":"(anonymous_7)","decl":{"start":{"line":62,"column":25},"end":{"line":62,"column":26}},"loc":{"start":{"line":62,"column":32},"end":{"line":65,"column":3}},"line":62},"8":{"name":"(anonymous_8)","decl":{"start":{"line":104,"column":25},"end":{"line":104,"column":26}},"loc":{"start":{"line":104,"column":33},"end":{"line":104,"column":58}},"line":104},"9":{"name":"(anonymous_9)","decl":{"start":{"line":105,"column":24},"end":{"line":105,"column":25}},"loc":{"start":{"line":105,"column":32},"end":{"line":105,"column":76}},"line":105}},"branchMap":{},"s":{"0":2,"1":8,"2":8,"3":8,"4":8,"5":8,"6":8,"7":8,"8":8,"9":8,"10":8,"11":0,"12":0,"13":0,"14":0,"15":0,"16":0,"17":0,"18":8,"19":8,"20":8,"21":0,"22":0,"23":8,"24":0,"25":0,"26":0,"27":0,"28":0,"29":0,"30":0,"31":0,"32":8,"33":0,"34":0,"35":8,"36":0,"37":0,"38":8,"39":0,"40":0},"f":{"0":8,"1":8,"2":0,"3":8,"4":0,"5":0,"6":0,"7":0,"8":0,"9":0},"b":{},"_coverageSchema":"1a1c01bbd47fc00a2c39e90264f33305004495a9","hash":"3b902fc7d2ee993f01cdc2bf1594c1adf0c2d000"}
,"D:\\Documents\\futureproof\\assessments\\project3\\universally-challenged\\src\\components\\HomepageSelector\\index.jsx": {"path":"D:\\Documents\\futureproof\\assessments\\project3\\universally-challenged\\src\\components\\HomepageSelector\\index.jsx","statementMap":{"0":{"start":{"line":6,"column":4},"end":{"line":10,"column":5}}},"fnMap":{"0":{"name":"HomepageSelector","decl":{"start":{"line":5,"column":16},"end":{"line":5,"column":32}},"loc":{"start":{"line":5,"column":48},"end":{"line":11,"column":1}},"line":5}},"branchMap":{},"s":{"0":3},"f":{"0":3},"b":{},"_coverageSchema":"1a1c01bbd47fc00a2c39e90264f33305004495a9","hash":"11b55a04ff4ee691cfdea2c1f7fe92ef235dd388"}
,"D:\\Documents\\futureproof\\assessments\\project3\\universally-challenged\\src\\components\\LeaderboardItem\\index.js": {"path":"D:\\Documents\\futureproof\\assessments\\project3\\universally-challenged\\src\\components\\LeaderboardItem\\index.js","statementMap":{"0":{"start":{"line":3,"column":31},"end":{"line":11,"column":1}},"1":{"start":{"line":4,"column":2},"end":{"line":10,"column":4}}},"fnMap":{"0":{"name":"(anonymous_0)","decl":{"start":{"line":3,"column":31},"end":{"line":3,"column":32}},"loc":{"start":{"line":3,"column":74},"end":{"line":11,"column":1}},"line":3}},"branchMap":{},"s":{"0":2,"1":2},"f":{"0":2},"b":{},"_coverageSchema":"1a1c01bbd47fc00a2c39e90264f33305004495a9","hash":"0648a54250f9b425a92d1671b862af6dbe709cc6"}
,"D:\\Documents\\futureproof\\assessments\\project3\\universally-challenged\\src\\components\\LeaderboardTable\\index.js": {"path":"D:\\Documents\\futureproof\\assessments\\project3\\universally-challenged\\src\\components\\LeaderboardTable\\index.js","statementMap":{"0":{"start":{"line":5,"column":12},"end":{"line":5,"column":66}},"1":{"start":{"line":7,"column":32},"end":{"line":42,"column":1}},"2":{"start":{"line":8,"column":30},"end":{"line":8,"column":42}},"3":{"start":{"line":9,"column":30},"end":{"line":9,"column":42}},"4":{"start":{"line":12,"column":2},"end":{"line":33,"column":9}},"5":{"start":{"line":13,"column":25},"end":{"line":31,"column":5}},"6":{"start":{"line":14,"column":6},"end":{"line":30,"column":7}},"7":{"start":{"line":15,"column":21},"end":{"line":15,"column":53}},"8":{"start":{"line":16,"column":27},"end":{"line":16,"column":36}},"9":{"start":{"line":19,"column":8},"end":{"line":19,"column":43}},"10":{"start":{"line":23,"column":29},"end":{"line":25,"column":9}},"11":{"start":{"line":24,"column":42},"end":{"line":24,"column":47}},"12":{"start":{"line":26,"column":8},"end":{"line":26,"column":30}},"13":{"start":{"line":27,"column":8},"end":{"line":27,"column":45}},"14":{"start":{"line":32,"column":4},"end":{"line":32,"column":24}},"15":{"start":{"line":35,"column":2},"end":{"line":41,"column":4}},"16":{"start":{"line":38,"column":8},"end":{"line":38,"column":79}}},"fnMap":{"0":{"name":"(anonymous_0)","decl":{"start":{"line":7,"column":32},"end":{"line":7,"column":33}},"loc":{"start":{"line":7,"column":43},"end":{"line":42,"column":1}},"line":7},"1":{"name":"(anonymous_1)","decl":{"start":{"line":12,"column":12},"end":{"line":12,"column":13}},"loc":{"start":{"line":12,"column":18},"end":{"line":33,"column":3}},"line":12},"2":{"name":"(anonymous_2)","decl":{"start":{"line":13,"column":25},"end":{"line":13,"column":26}},"loc":{"start":{"line":13,"column":42},"end":{"line":31,"column":5}},"line":13},"3":{"name":"(anonymous_3)","decl":{"start":{"line":24,"column":10},"end":{"line":24,"column":11}},"loc":{"start":{"line":24,"column":42},"end":{"line":24,"column":47}},"line":24},"4":{"name":"(anonymous_4)","decl":{"start":{"line":37,"column":18},"end":{"line":37,"column":19}},"loc":{"start":{"line":37,"column":36},"end":{"line":39,"column":7}},"line":37}},"branchMap":{},"s":{"0":1,"1":1,"2":1,"3":1,"4":1,"5":1,"6":1,"7":1,"8":0,"9":0,"10":0,"11":0,"12":0,"13":0,"14":1,"15":1,"16":0},"f":{"0":1,"1":1,"2":1,"3":0,"4":0},"b":{},"_coverageSchema":"1a1c01bbd47fc00a2c39e90264f33305004495a9","hash":"251a9e26d39875e192ddfd119c53df80cf2363a9"}
,"D:\\Documents\\futureproof\\assessments\\project3\\universally-challenged\\src\\components\\NavBar\\index.js": {"path":"D:\\Documents\\futureproof\\assessments\\project3\\universally-challenged\\src\\components\\NavBar\\index.js","statementMap":{"0":{"start":{"line":6,"column":15},"end":{"line":59,"column":1}},"1":{"start":{"line":7,"column":17},"end":{"line":7,"column":25}},"2":{"start":{"line":8,"column":17},"end":{"line":8,"column":25}},"3":{"start":{"line":10,"column":19},"end":{"line":14,"column":3}},"4":{"start":{"line":11,"column":4},"end":{"line":11,"column":41}},"5":{"start":{"line":12,"column":4},"end":{"line":12,"column":41}},"6":{"start":{"line":13,"column":4},"end":{"line":13,"column":31}},"7":{"start":{"line":16,"column":18},"end":{"line":29,"column":3}},"8":{"start":{"line":17,"column":4},"end":{"line":28,"column":5}},"9":{"start":{"line":19,"column":8},"end":{"line":19,"column":45}},"10":{"start":{"line":20,"column":8},"end":{"line":20,"column":44}},"11":{"start":{"line":21,"column":8},"end":{"line":21,"column":35}},"12":{"start":{"line":22,"column":8},"end":{"line":22,"column":14}},"13":{"start":{"line":24,"column":8},"end":{"line":24,"column":45}},"14":{"start":{"line":25,"column":8},"end":{"line":25,"column":45}},"15":{"start":{"line":26,"column":8},"end":{"line":26,"column":35}},"16":{"start":{"line":27,"column":8},"end":{"line":27,"column":14}},"17":{"start":{"line":31,"column":2},"end":{"line":58,"column":4}}},"fnMap":{"0":{"name":"(anonymous_0)","decl":{"start":{"line":6,"column":15},"end":{"line":6,"column":16}},"loc":{"start":{"line":6,"column":21},"end":{"line":59,"column":1}},"line":6},"1":{"name":"(anonymous_1)","decl":{"start":{"line":10,"column":19},"end":{"line":10,"column":20}},"loc":{"start":{"line":10,"column":25},"end":{"line":14,"column":3}},"line":10},"2":{"name":"(anonymous_2)","decl":{"start":{"line":16,"column":18},"end":{"line":16,"column":19}},"loc":{"start":{"line":16,"column":24},"end":{"line":29,"column":3}},"line":16}},"branchMap":{"0":{"loc":{"start":{"line":17,"column":4},"end":{"line":28,"column":5}},"type":"switch","locations":[{"start":{"line":18,"column":6},"end":{"line":22,"column":14}},{"start":{"line":23,"column":6},"end":{"line":27,"column":14}}],"line":17}},"s":{"0":2,"1":6,"2":6,"3":6,"4":2,"5":2,"6":2,"7":6,"8":3,"9":2,"10":2,"11":2,"12":2,"13":1,"14":1,"15":1,"16":1,"17":6},"f":{"0":6,"1":2,"2":3},"b":{"0":[2,1]},"_coverageSchema":"1a1c01bbd47fc00a2c39e90264f33305004495a9","hash":"79a59101b5e13c0727baf268664984634c0b0cbf"}
,"D:\\Documents\\futureproof\\assessments\\project3\\universally-challenged\\src\\components\\Song\\index.js": {"path":"D:\\Documents\\futureproof\\assessments\\project3\\universally-challenged\\src\\components\\Song\\index.js","statementMap":{"0":{"start":{"line":7,"column":8},"end":{"line":21,"column":9}}},"fnMap":{"0":{"name":"(anonymous_0)","decl":{"start":{"line":6,"column":4},"end":{"line":6,"column":5}},"loc":{"start":{"line":6,"column":13},"end":{"line":22,"column":5}},"line":6}},"branchMap":{},"s":{"0":0},"f":{"0":0},"b":{},"_coverageSchema":"1a1c01bbd47fc00a2c39e90264f33305004495a9","hash":"5e2f4bf3040584655ea0e2e255225fd72db11dbe"}
,"D:\\Documents\\futureproof\\assessments\\project3\\universally-challenged\\src\\components\\Timer\\index.js": {"path":"D:\\Documents\\futureproof\\assessments\\project3\\universally-challenged\\src\\components\\Timer\\index.js","statementMap":{"0":{"start":{"line":8,"column":21},"end":{"line":66,"column":1}},"1":{"start":{"line":9,"column":21},"end":{"line":48,"column":3}},"2":{"start":{"line":10,"column":24},"end":{"line":10,"column":45}},"3":{"start":{"line":11,"column":21},"end":{"line":11,"column":33}},"4":{"start":{"line":12,"column":31},"end":{"line":12,"column":44}},"5":{"start":{"line":13,"column":35},"end":{"line":13,"column":46}},"6":{"start":{"line":16,"column":4},"end":{"line":22,"column":5}},"7":{"start":{"line":17,"column":6},"end":{"line":17,"column":40}},"8":{"start":{"line":18,"column":6},"end":{"line":18,"column":45}},"9":{"start":{"line":19,"column":6},"end":{"line":19,"column":42}},"10":{"start":{"line":21,"column":6},"end":{"line":21,"column":41}},"11":{"start":{"line":25,"column":4},"end":{"line":29,"column":5}},"12":{"start":{"line":26,"column":6},"end":{"line":28,"column":13}},"13":{"start":{"line":27,"column":8},"end":{"line":27,"column":45}},"14":{"start":{"line":27,"column":36},"end":{"line":27,"column":43}},"15":{"start":{"line":31,"column":21},"end":{"line":31,"column":47}},"16":{"start":{"line":33,"column":4},"end":{"line":47,"column":6}},"17":{"start":{"line":49,"column":2},"end":{"line":65,"column":4}},"18":{"start":{"line":53,"column":10},"end":{"line":53,"column":70}},"19":{"start":{"line":53,"column":48},"end":{"line":53,"column":68}},"20":{"start":{"line":54,"column":10},"end":{"line":54,"column":37}},"21":{"start":{"line":55,"column":10},"end":{"line":55,"column":29}}},"fnMap":{"0":{"name":"(anonymous_0)","decl":{"start":{"line":8,"column":21},"end":{"line":8,"column":22}},"loc":{"start":{"line":8,"column":46},"end":{"line":66,"column":1}},"line":8},"1":{"name":"(anonymous_1)","decl":{"start":{"line":9,"column":21},"end":{"line":9,"column":22}},"loc":{"start":{"line":9,"column":44},"end":{"line":48,"column":3}},"line":9},"2":{"name":"(anonymous_2)","decl":{"start":{"line":26,"column":17},"end":{"line":26,"column":18}},"loc":{"start":{"line":26,"column":23},"end":{"line":28,"column":7}},"line":26},"3":{"name":"(anonymous_3)","decl":{"start":{"line":27,"column":27},"end":{"line":27,"column":28}},"loc":{"start":{"line":27,"column":36},"end":{"line":27,"column":43}},"line":27},"4":{"name":"(anonymous_4)","decl":{"start":{"line":52,"column":20},"end":{"line":52,"column":21}},"loc":{"start":{"line":52,"column":26},"end":{"line":56,"column":9}},"line":52},"5":{"name":"(anonymous_5)","decl":{"start":{"line":53,"column":26},"end":{"line":53,"column":27}},"loc":{"start":{"line":53,"column":48},"end":{"line":53,"column":68}},"line":53}},"branchMap":{"0":{"loc":{"start":{"line":16,"column":4},"end":{"line":22,"column":5}},"type":"if","locations":[{"start":{"line":16,"column":4},"end":{"line":22,"column":5}},{"start":{"line":20,"column":11},"end":{"line":22,"column":5}}],"line":16},"1":{"loc":{"start":{"line":25,"column":4},"end":{"line":29,"column":5}},"type":"if","locations":[{"start":{"line":25,"column":4},"end":{"line":29,"column":5}},{"start":{},"end":{}}],"line":25},"2":{"loc":{"start":{"line":35,"column":52},"end":{"line":35,"column":72}},"type":"cond-expr","locations":[{"start":{"line":35,"column":63},"end":{"line":35,"column":67}},{"start":{"line":35,"column":70},"end":{"line":35,"column":72}}],"line":35},"3":{"loc":{"start":{"line":38,"column":9},"end":{"line":45,"column":9}},"type":"binary-expr","locations":[{"start":{"line":38,"column":9},"end":{"line":38,"column":34}},{"start":{"line":39,"column":10},"end":{"line":44,"column":16}}],"line":38},"4":{"loc":{"start":{"line":41,"column":31},"end":{"line":41,"column":54}},"type":"cond-expr","locations":[{"start":{"line":41,"column":43},"end":{"line":41,"column":49}},{"start":{"line":41,"column":52},"end":{"line":41,"column":54}}],"line":41}},"s":{"0":2,"1":1,"2":1,"3":1,"4":1,"5":1,"6":1,"7":0,"8":0,"9":0,"10":1,"11":1,"12":0,"13":0,"14":0,"15":1,"16":1,"17":1,"18":0,"19":0,"20":0,"21":0},"f":{"0":1,"1":1,"2":0,"3":0,"4":0,"5":0},"b":{"0":[0,1],"1":[0,1],"2":[0,1],"3":[1,0],"4":[0,0]},"_coverageSchema":"1a1c01bbd47fc00a2c39e90264f33305004495a9","hash":"0f4083dfcc617fdfbd5ad0a2644ab95d89745c22"}
,"D:\\Documents\\futureproof\\assessments\\project3\\universally-challenged\\src\\components\\Timer-321\\index.jsx": {"path":"D:\\Documents\\futureproof\\assessments\\project3\\universally-challenged\\src\\components\\Timer-321\\index.jsx","statementMap":{"0":{"start":{"line":5,"column":17},"end":{"line":53,"column":1}},"1":{"start":{"line":6,"column":32},"end":{"line":6,"column":43}},"2":{"start":{"line":7,"column":42},"end":{"line":7,"column":54}},"3":{"start":{"line":9,"column":2},"end":{"line":26,"column":5}},"4":{"start":{"line":10,"column":4},"end":{"line":12,"column":5}},"5":{"start":{"line":11,"column":6},"end":{"line":11,"column":13}},"6":{"start":{"line":14,"column":19},"end":{"line":16,"column":12}},"7":{"start":{"line":15,"column":6},"end":{"line":15,"column":30}},"8":{"start":{"line":18,"column":19},"end":{"line":20,"column":12}},"9":{"start":{"line":19,"column":6},"end":{"line":19,"column":33}},"10":{"start":{"line":22,"column":4},"end":{"line":25,"column":6}},"11":{"start":{"line":23,"column":6},"end":{"line":23,"column":27}},"12":{"start":{"line":24,"column":6},"end":{"line":24,"column":27}},"13":{"start":{"line":28,"column":2},"end":{"line":30,"column":16}},"14":{"start":{"line":29,"column":4},"end":{"line":29,"column":41}},"15":{"start":{"line":32,"column":15},"end":{"line":32,"column":17}},"16":{"start":{"line":34,"column":2},"end":{"line":38,"column":3}},"17":{"start":{"line":34,"column":15},"end":{"line":34,"column":16}},"18":{"start":{"line":35,"column":4},"end":{"line":37,"column":5}},"19":{"start":{"line":35,"column":17},"end":{"line":35,"column":18}},"20":{"start":{"line":36,"column":6},"end":{"line":36,"column":55}},"21":{"start":{"line":40,"column":2},"end":{"line":46,"column":3}},"22":{"start":{"line":41,"column":4},"end":{"line":45,"column":6}},"23":{"start":{"line":48,"column":2},"end":{"line":52,"column":4}}},"fnMap":{"0":{"name":"(anonymous_0)","decl":{"start":{"line":5,"column":17},"end":{"line":5,"column":18}},"loc":{"start":{"line":5,"column":23},"end":{"line":53,"column":1}},"line":5},"1":{"name":"(anonymous_1)","decl":{"start":{"line":9,"column":12},"end":{"line":9,"column":13}},"loc":{"start":{"line":9,"column":18},"end":{"line":26,"column":3}},"line":9},"2":{"name":"(anonymous_2)","decl":{"start":{"line":14,"column":30},"end":{"line":14,"column":31}},"loc":{"start":{"line":14,"column":36},"end":{"line":16,"column":5}},"line":14},"3":{"name":"(anonymous_3)","decl":{"start":{"line":18,"column":30},"end":{"line":18,"column":31}},"loc":{"start":{"line":18,"column":36},"end":{"line":20,"column":5}},"line":18},"4":{"name":"(anonymous_4)","decl":{"start":{"line":22,"column":11},"end":{"line":22,"column":12}},"loc":{"start":{"line":22,"column":17},"end":{"line":25,"column":5}},"line":22},"5":{"name":"(anonymous_5)","decl":{"start":{"line":28,"column":12},"end":{"line":28,"column":13}},"loc":{"start":{"line":28,"column":18},"end":{"line":30,"column":3}},"line":28}},"branchMap":{"0":{"loc":{"start":{"line":10,"column":4},"end":{"line":12,"column":5}},"type":"if","locations":[{"start":{"line":10,"column":4},"end":{"line":12,"column":5}},{"start":{},"end":{}}],"line":10},"1":{"loc":{"start":{"line":40,"column":2},"end":{"line":46,"column":3}},"type":"if","locations":[{"start":{"line":40,"column":2},"end":{"line":46,"column":3}},{"start":{},"end":{}}],"line":40}},"s":{"0":2,"1":3,"2":2,"3":2,"4":2,"5":0,"6":2,"7":0,"8":2,"9":0,"10":2,"11":2,"12":2,"13":2,"14":1,"15":2,"16":2,"17":2,"18":32,"19":32,"20":320,"21":2,"22":0,"23":2},"f":{"0":3,"1":2,"2":0,"3":0,"4":2,"5":1},"b":{"0":[0,2],"1":[0,2]},"_coverageSchema":"1a1c01bbd47fc00a2c39e90264f33305004495a9","hash":"e3a479193d2d30f76ff58eade1571a9ab15b439c"}
,"D:\\Documents\\futureproof\\assessments\\project3\\universally-challenged\\src\\components\\UsernameForm\\index.js": {"path":"D:\\Documents\\futureproof\\assessments\\project3\\universally-challenged\\src\\components\\UsernameForm\\index.js","statementMap":{"0":{"start":{"line":3,"column":28},"end":{"line":24,"column":1}},"1":{"start":{"line":6,"column":0},"end":{"line":22,"column":11}},"2":{"start":{"line":15,"column":29},"end":{"line":15,"column":54}},"3":{"start":{"line":16,"column":28},"end":{"line":16,"column":72}}},"fnMap":{"0":{"name":"(anonymous_0)","decl":{"start":{"line":3,"column":28},"end":{"line":3,"column":29}},"loc":{"start":{"line":3,"column":40},"end":{"line":24,"column":1}},"line":3},"1":{"name":"(anonymous_1)","decl":{"start":{"line":15,"column":21},"end":{"line":15,"column":22}},"loc":{"start":{"line":15,"column":29},"end":{"line":15,"column":54}},"line":15},"2":{"name":"(anonymous_2)","decl":{"start":{"line":16,"column":20},"end":{"line":16,"column":21}},"loc":{"start":{"line":16,"column":28},"end":{"line":16,"column":72}},"line":16}},"branchMap":{},"s":{"0":1,"1":0,"2":0,"3":0},"f":{"0":0,"1":0,"2":0},"b":{},"_coverageSchema":"1a1c01bbd47fc00a2c39e90264f33305004495a9","hash":"6be8d5b8a8400487add2ddd5c303d43117aa6b98"}
,"D:\\Documents\\futureproof\\assessments\\project3\\universally-challenged\\src\\reducers\\index.js": {"path":"D:\\Documents\\futureproof\\assessments\\project3\\universally-challenged\\src\\reducers\\index.js","statementMap":{},"fnMap":{},"branchMap":{},"s":{},"f":{},"b":{},"_coverageSchema":"1a1c01bbd47fc00a2c39e90264f33305004495a9","hash":"1d5beb4182b514c63fc7a852b08fbfd43f82cadb"}
,"D:\\Documents\\futureproof\\assessments\\project3\\universally-challenged\\src\\reducers\\questionReducer.js": {"path":"D:\\Documents\\futureproof\\assessments\\project3\\universally-challenged\\src\\reducers\\questionReducer.js","statementMap":{"0":{"start":{"line":1,"column":18},"end":{"line":11,"column":3}},"1":{"start":{"line":13,"column":26},"end":{"line":46,"column":3}},"2":{"start":{"line":14,"column":4},"end":{"line":45,"column":5}},"3":{"start":{"line":16,"column":8},"end":{"line":16,"column":66}},"4":{"start":{"line":18,"column":8},"end":{"line":18,"column":68}},"5":{"start":{"line":20,"column":8},"end":{"line":20,"column":70}},"6":{"start":{"line":22,"column":8},"end":{"line":22,"column":67}},"7":{"start":{"line":24,"column":8},"end":{"line":24,"column":68}},"8":{"start":{"line":26,"column":8},"end":{"line":30,"column":9}},"9":{"start":{"line":27,"column":27},"end":{"line":27,"column":41}},"10":{"start":{"line":28,"column":10},"end":{"line":28,"column":88}},"11":{"start":{"line":29,"column":10},"end":{"line":29,"column":117}},"12":{"start":{"line":31,"column":8},"end":{"line":31,"column":68}},"13":{"start":{"line":33,"column":8},"end":{"line":39,"column":10}},"14":{"start":{"line":41,"column":8},"end":{"line":41,"column":51}},"15":{"start":{"line":44,"column":8},"end":{"line":44,"column":21}}},"fnMap":{"0":{"name":"(anonymous_0)","decl":{"start":{"line":13,"column":26},"end":{"line":13,"column":27}},"loc":{"start":{"line":13,"column":57},"end":{"line":46,"column":3}},"line":13}},"branchMap":{"0":{"loc":{"start":{"line":13,"column":27},"end":{"line":13,"column":44}},"type":"default-arg","locations":[{"start":{"line":13,"column":35},"end":{"line":13,"column":44}}],"line":13},"1":{"loc":{"start":{"line":14,"column":4},"end":{"line":45,"column":5}},"type":"switch","locations":[{"start":{"line":15,"column":6},"end":{"line":16,"column":66}},{"start":{"line":17,"column":6},"end":{"line":18,"column":68}},{"start":{"line":19,"column":6},"end":{"line":20,"column":70}},{"start":{"line":21,"column":6},"end":{"line":22,"column":67}},{"start":{"line":23,"column":6},"end":{"line":24,"column":68}},{"start":{"line":25,"column":6},"end":{"line":31,"column":68}},{"start":{"line":32,"column":6},"end":{"line":39,"column":10}},{"start":{"line":40,"column":6},"end":{"line":41,"column":51}},{"start":{"line":43,"column":6},"end":{"line":44,"column":21}}],"line":14},"2":{"loc":{"start":{"line":26,"column":8},"end":{"line":30,"column":9}},"type":"if","locations":[{"start":{"line":26,"column":8},"end":{"line":30,"column":9}},{"start":{},"end":{}}],"line":26}},"s":{"0":11,"1":11,"2":21,"3":1,"4":1,"5":1,"6":0,"7":0,"8":1,"9":0,"10":0,"11":0,"12":1,"13":0,"14":0,"15":17},"f":{"0":21},"b":{"0":[1],"1":[1,1,1,0,0,1,0,0,17],"2":[0,1]},"_coverageSchema":"1a1c01bbd47fc00a2c39e90264f33305004495a9","hash":"e3f20c2a1a95c2be44c5d7ecb52ea36fa056a7ad"}
}
