TN:
SF:src\actions\index.js
FN:3,(anonymous_0)
FN:4,(anonymous_1)
FN:16,(anonymous_2)
FN:34,(anonymous_3)
FN:44,(anonymous_4)
FN:49,(anonymous_5)
FN:54,(anonymous_6)
FN:60,(anonymous_7)
FN:76,(anonymous_8)
FNF:9
FNH:1
FNDA:0,(anonymous_0)
FNDA:0,(anonymous_1)
FNDA:0,(anonymous_2)
FNDA:0,(anonymous_3)
FNDA:0,(anonymous_4)
FNDA:0,(anonymous_5)
FNDA:8,(anonymous_6)
FNDA:0,(anonymous_7)
FNDA:0,(anonymous_8)
DA:3,1
DA:4,0
DA:5,0
DA:6,0
DA:10,0
DA:11,0
DA:12,0
DA:13,0
DA:16,0
DA:18,0
DA:20,0
DA:25,0
DA:26,0
DA:34,1
DA:44,1
DA:49,1
DA:54,8
DA:60,1
DA:61,0
DA:72,0
DA:76,1
DA:77,0
DA:79,0
DA:80,0
DA:81,0
DA:82,0
DA:84,0
LF:27
LH:7
BRF:0
BRH:0
end_of_record
TN:
SF:src\components\BackButton\index.js
FN:5,(anonymous_0)
FNF:1
FNH:1
FNDA:4,(anonymous_0)
DA:5,2
DA:6,4
DA:8,4
LF:3
LH:3
BRF:0
BRH:0
end_of_record
TN:
SF:src\components\EntryForm\index.js
FN:7,(anonymous_0)
FN:14,(anonymous_1)
FN:22,(anonymous_2)
FN:26,(anonymous_3)
FN:31,(anonymous_4)
FN:36,(anonymous_5)
FN:56,(anonymous_6)
FN:57,(anonymous_7)
FNF:8
FNH:2
FNDA:8,(anonymous_0)
FNDA:0,(anonymous_1)
FNDA:8,(anonymous_2)
FNDA:0,(anonymous_3)
FNDA:0,(anonymous_4)
FNDA:0,(anonymous_5)
FNDA:0,(anonymous_6)
FNDA:0,(anonymous_7)
DA:7,1
DA:8,8
DA:9,8
DA:10,8
DA:11,8
DA:12,8
DA:14,8
DA:15,0
DA:16,0
DA:17,0
DA:18,0
DA:19,0
DA:22,8
DA:23,8
DA:26,8
DA:27,0
DA:28,0
DA:31,8
DA:32,0
DA:33,0
DA:36,8
DA:37,0
DA:38,0
DA:41,8
DA:56,0
DA:57,0
LF:26
LH:13
BRF:0
BRH:0
end_of_record
TN:
SF:src\components\HomepageSelector\index.jsx
FN:4,HomepageSelector
FNF:1
FNH:1
FNDA:1,HomepageSelector
DA:5,1
LF:1
LH:1
BRF:0
BRH:0
end_of_record
TN:
SF:src\components\NavBar\index.js
FN:6,(anonymous_0)
FN:10,(anonymous_1)
FN:16,(anonymous_2)
FNF:3
FNH:1
FNDA:1,(anonymous_0)
FNDA:0,(anonymous_1)
FNDA:0,(anonymous_2)
DA:6,1
DA:7,1
DA:8,1
DA:10,1
DA:11,0
DA:12,0
DA:13,0
DA:16,1
DA:17,0
DA:19,0
DA:20,0
DA:21,0
DA:22,0
DA:24,0
DA:25,0
DA:26,0
DA:27,0
DA:31,1
LF:18
LH:6
BRDA:17,0,0,0
BRDA:17,0,1,0
BRF:2
BRH:0
end_of_record
TN:
SF:src\reducers\index.js
FNF:0
FNH:0
LF:0
LH:0
BRF:0
BRH:0
end_of_record
TN:
SF:src\reducers\questionReducer.js
FN:12,(anonymous_0)
FNF:1
FNH:1
FNDA:22,(anonymous_0)
DA:1,5
DA:12,5
DA:13,22
DA:15,1
DA:17,1
DA:19,1
DA:23,2
DA:24,1
DA:26,1
DA:28,0
DA:36,0
DA:39,17
LF:12
LH:10
BRDA:12,0,0,1
BRDA:13,1,0,1
BRDA:13,1,1,1
BRDA:13,1,2,1
BRDA:13,1,3,2
BRDA:13,1,4,0
BRDA:13,1,5,0
BRDA:13,1,6,17
BRDA:23,2,0,1
BRDA:23,2,1,1
BRF:10
BRH:8
end_of_record
